21:57:42.489 [main] DEBUG FileReader Read file text.txt
21:57:42.492 [main] DEBUG SentenceAndCodeBlockParser Start text parsing
21:57:42.494 [main] DEBUG SentenceAndCodeBlockParser Start sentence parsing
21:57:42.501 [main] DEBUG SentenceElementsParser Start sentence parsing
21:57:42.501 [main] DEBUG SentenceElementsParser Parsing word
21:57:42.502 [main] DEBUG SentenceElementsParser Parsing word
21:57:42.502 [main] DEBUG SentenceElementsParser Parsing word
21:57:42.502 [main] DEBUG SentenceElementsParser Parsing punctuation marks
21:57:42.502 [main] DEBUG SentenceElementsParser Parsing word
21:57:42.502 [main] DEBUG SentenceElementsParser Parsing word
21:57:42.503 [main] DEBUG SentenceElementsParser Parsing word
21:57:42.503 [main] DEBUG SentenceElementsParser Parsing word
21:57:42.503 [main] DEBUG SentenceElementsParser Parsing word
21:57:42.503 [main] DEBUG SentenceElementsParser Parsing word
21:57:42.503 [main] DEBUG SentenceElementsParser Parsing word
21:57:42.504 [main] DEBUG SentenceElementsParser Parsing word
21:57:42.504 [main] DEBUG SentenceElementsParser Parsing word
21:57:42.504 [main] DEBUG SentenceElementsParser Parsing word
21:57:42.504 [main] DEBUG SentenceElementsParser Parsing word
21:57:42.504 [main] DEBUG SentenceElementsParser Parsing word
21:57:42.504 [main] DEBUG SentenceElementsParser Parsing word
21:57:42.504 [main] DEBUG SentenceElementsParser Parsing word
21:57:42.505 [main] DEBUG SentenceElementsParser Parsing word
21:57:42.505 [main] DEBUG SentenceElementsParser Parsing word
21:57:42.505 [main] DEBUG SentenceElementsParser Parsing punctuation marks
21:57:42.505 [main] DEBUG SentenceElementsParser End text parsing
21:57:42.505 [main] DEBUG SentenceAndCodeBlockParser End sentence parsing
21:57:42.506 [main] DEBUG SentenceAndCodeBlockParser Start sentence parsing
21:57:42.506 [main] DEBUG SentenceElementsParser Start sentence parsing
21:57:42.506 [main] DEBUG SentenceElementsParser Parsing word
21:57:42.507 [main] DEBUG SentenceElementsParser Parsing word
21:57:42.507 [main] DEBUG SentenceElementsParser Parsing word
21:57:42.507 [main] DEBUG SentenceElementsParser Parsing word
21:57:42.507 [main] DEBUG SentenceElementsParser Parsing word
21:57:42.507 [main] DEBUG SentenceElementsParser Parsing word
21:57:42.507 [main] DEBUG SentenceElementsParser Parsing word
21:57:42.507 [main] DEBUG SentenceElementsParser Parsing punctuation marks
21:57:42.507 [main] DEBUG SentenceElementsParser Parsing word
21:57:42.508 [main] DEBUG SentenceElementsParser Parsing word
21:57:42.508 [main] DEBUG SentenceElementsParser Parsing word
21:57:42.508 [main] DEBUG SentenceElementsParser Parsing word
21:57:42.508 [main] DEBUG SentenceElementsParser Parsing word
21:57:42.509 [main] DEBUG SentenceElementsParser Parsing word
21:57:42.509 [main] DEBUG SentenceElementsParser Parsing punctuation marks
21:57:42.509 [main] DEBUG SentenceElementsParser End text parsing
21:57:42.509 [main] DEBUG SentenceAndCodeBlockParser End sentence parsing
21:57:42.509 [main] DEBUG SentenceAndCodeBlockParser Start sentence parsing
21:57:42.510 [main] DEBUG SentenceElementsParser Start sentence parsing
21:57:42.510 [main] DEBUG SentenceElementsParser Parsing word
21:57:42.511 [main] DEBUG SentenceElementsParser Parsing word
21:57:42.511 [main] DEBUG SentenceElementsParser Parsing word
21:57:42.511 [main] DEBUG SentenceElementsParser Parsing word
21:57:42.511 [main] DEBUG SentenceElementsParser Parsing punctuation marks
21:57:42.511 [main] DEBUG SentenceElementsParser Parsing word
21:57:42.511 [main] DEBUG SentenceElementsParser Parsing word
21:57:42.511 [main] DEBUG SentenceElementsParser Parsing word
21:57:42.512 [main] DEBUG SentenceElementsParser Parsing punctuation marks
21:57:42.512 [main] DEBUG SentenceElementsParser Parsing word
21:57:42.512 [main] DEBUG SentenceElementsParser Parsing word
21:57:42.512 [main] DEBUG SentenceElementsParser Parsing punctuation marks
21:57:42.512 [main] DEBUG SentenceElementsParser Parsing word
21:57:42.512 [main] DEBUG SentenceElementsParser Parsing punctuation marks
21:57:42.513 [main] DEBUG SentenceElementsParser Parsing word
21:57:42.513 [main] DEBUG SentenceElementsParser Parsing word
21:57:42.513 [main] DEBUG SentenceElementsParser Parsing punctuation marks
21:57:42.513 [main] DEBUG SentenceElementsParser Parsing word
21:57:42.513 [main] DEBUG SentenceElementsParser Parsing punctuation marks
21:57:42.514 [main] DEBUG SentenceElementsParser Parsing word
21:57:42.514 [main] DEBUG SentenceElementsParser Parsing word
21:57:42.514 [main] DEBUG SentenceElementsParser Parsing punctuation marks
21:57:42.514 [main] DEBUG SentenceElementsParser Parsing word
21:57:42.514 [main] DEBUG SentenceElementsParser Parsing word
21:57:42.514 [main] DEBUG SentenceElementsParser Parsing punctuation marks
21:57:42.514 [main] DEBUG SentenceElementsParser Parsing word
21:57:42.515 [main] DEBUG SentenceElementsParser Parsing word
21:57:42.515 [main] DEBUG SentenceElementsParser Parsing word
21:57:42.515 [main] DEBUG SentenceElementsParser Parsing word
21:57:42.515 [main] DEBUG SentenceElementsParser Parsing word
21:57:42.515 [main] DEBUG SentenceElementsParser Parsing word
21:57:42.515 [main] DEBUG SentenceElementsParser Parsing word
21:57:42.515 [main] DEBUG SentenceElementsParser Parsing punctuation marks
21:57:42.516 [main] DEBUG SentenceElementsParser Parsing word
21:57:42.516 [main] DEBUG SentenceElementsParser Parsing word
21:57:42.516 [main] DEBUG SentenceElementsParser Parsing word
21:57:42.516 [main] DEBUG SentenceElementsParser Parsing word
21:57:42.516 [main] DEBUG SentenceElementsParser Parsing word
21:57:42.516 [main] DEBUG SentenceElementsParser Parsing word
21:57:42.516 [main] DEBUG SentenceElementsParser Parsing word
21:57:42.516 [main] DEBUG SentenceElementsParser Parsing word
21:57:42.517 [main] DEBUG SentenceElementsParser Parsing word
21:57:42.517 [main] DEBUG SentenceElementsParser Parsing word
21:57:42.517 [main] DEBUG SentenceElementsParser Parsing word
21:57:42.517 [main] DEBUG SentenceElementsParser Parsing word
21:57:42.517 [main] DEBUG SentenceElementsParser Parsing word
21:57:42.517 [main] DEBUG SentenceElementsParser Parsing word
21:57:42.517 [main] DEBUG SentenceElementsParser Parsing word
21:57:42.517 [main] DEBUG SentenceElementsParser Parsing punctuation marks
21:57:42.518 [main] DEBUG SentenceElementsParser Parsing word
21:57:42.518 [main] DEBUG SentenceElementsParser Parsing punctuation marks
21:57:42.518 [main] DEBUG SentenceElementsParser Parsing word
21:57:42.518 [main] DEBUG SentenceElementsParser Parsing word
21:57:42.518 [main] DEBUG SentenceElementsParser Parsing word
21:57:42.518 [main] DEBUG SentenceElementsParser Parsing word
21:57:42.518 [main] DEBUG SentenceElementsParser Parsing word
21:57:42.519 [main] DEBUG SentenceElementsParser Parsing word
21:57:42.519 [main] DEBUG SentenceElementsParser Parsing word
21:57:42.519 [main] DEBUG SentenceElementsParser Parsing word
21:57:42.519 [main] DEBUG SentenceElementsParser Parsing word
21:57:42.519 [main] DEBUG SentenceElementsParser Parsing punctuation marks
21:57:42.519 [main] DEBUG SentenceElementsParser Parsing word
21:57:42.520 [main] DEBUG SentenceElementsParser Parsing word
21:57:42.520 [main] DEBUG SentenceElementsParser Parsing punctuation marks
21:57:42.520 [main] DEBUG SentenceElementsParser End text parsing
21:57:42.520 [main] DEBUG SentenceAndCodeBlockParser End sentence parsing
21:57:42.520 [main] DEBUG SentenceAndCodeBlockParser Start sentence parsing
21:57:42.520 [main] DEBUG SentenceElementsParser Start sentence parsing
21:57:42.521 [main] DEBUG SentenceElementsParser Parsing word
21:57:42.521 [main] DEBUG SentenceElementsParser Parsing word
21:57:42.521 [main] DEBUG SentenceElementsParser Parsing word
21:57:42.521 [main] DEBUG SentenceElementsParser Parsing word
21:57:42.521 [main] DEBUG SentenceElementsParser Parsing word
21:57:42.521 [main] DEBUG SentenceElementsParser Parsing word
21:57:42.521 [main] DEBUG SentenceElementsParser Parsing word
21:57:42.521 [main] DEBUG SentenceElementsParser Parsing word
21:57:42.522 [main] DEBUG SentenceElementsParser Parsing punctuation marks
21:57:42.522 [main] DEBUG SentenceElementsParser End text parsing
21:57:42.522 [main] DEBUG SentenceAndCodeBlockParser End sentence parsing
21:57:42.523 [main] DEBUG SentenceAndCodeBlockParser Parsing code block
21:57:42.523 [main] DEBUG SentenceAndCodeBlockParser Start sentence parsing
21:57:42.523 [main] DEBUG SentenceElementsParser Start sentence parsing
21:57:42.524 [main] DEBUG SentenceElementsParser Parsing word
21:57:42.524 [main] DEBUG SentenceElementsParser Parsing word
21:57:42.524 [main] DEBUG SentenceElementsParser Parsing word
21:57:42.524 [main] DEBUG SentenceElementsParser Parsing word
21:57:42.524 [main] DEBUG SentenceElementsParser Parsing word
21:57:42.524 [main] DEBUG SentenceElementsParser Parsing word
21:57:42.524 [main] DEBUG SentenceElementsParser Parsing word
21:57:42.524 [main] DEBUG SentenceElementsParser Parsing word
21:57:42.524 [main] DEBUG SentenceElementsParser Parsing word
21:57:42.525 [main] DEBUG SentenceElementsParser Parsing word
21:57:42.525 [main] DEBUG SentenceElementsParser Parsing word
21:57:42.525 [main] DEBUG SentenceElementsParser Parsing word
21:57:42.525 [main] DEBUG SentenceElementsParser Parsing word
21:57:42.525 [main] DEBUG SentenceElementsParser Parsing word
21:57:42.525 [main] DEBUG SentenceElementsParser Parsing word
21:57:42.525 [main] DEBUG SentenceElementsParser Parsing punctuation marks
21:57:42.525 [main] DEBUG SentenceElementsParser Parsing word
21:57:42.526 [main] DEBUG SentenceElementsParser Parsing word
21:57:42.526 [main] DEBUG SentenceElementsParser Parsing word
21:57:42.526 [main] DEBUG SentenceElementsParser Parsing word
21:57:42.526 [main] DEBUG SentenceElementsParser Parsing word
21:57:42.526 [main] DEBUG SentenceElementsParser Parsing word
21:57:42.526 [main] DEBUG SentenceElementsParser Parsing word
21:57:42.526 [main] DEBUG SentenceElementsParser Parsing word
21:57:42.526 [main] DEBUG SentenceElementsParser Parsing word
21:57:42.527 [main] DEBUG SentenceElementsParser Parsing punctuation marks
21:57:42.527 [main] DEBUG SentenceElementsParser End text parsing
21:57:42.527 [main] DEBUG SentenceAndCodeBlockParser End sentence parsing
21:57:42.528 [main] DEBUG SentenceAndCodeBlockParser Parsing code block
21:57:42.528 [main] DEBUG SentenceAndCodeBlockParser End text parsing
