22:01:34.154 [main] DEBUG FileReader Read file text.txt
22:01:34.157 [main] DEBUG SentenceAndCodeBlockParser Start text parsing
22:01:34.159 [main] DEBUG SentenceAndCodeBlockParser Start sentence parsing
22:01:34.159 [main] DEBUG SentenceElementsParser Start sentence parsing
22:01:34.159 [main] DEBUG SentenceElementsParser Parsing word
22:01:34.160 [main] DEBUG SentenceElementsParser Parsing word
22:01:34.160 [main] DEBUG SentenceElementsParser Parsing word
22:01:34.160 [main] DEBUG SentenceElementsParser Parsing punctuation marks
22:01:34.160 [main] DEBUG SentenceElementsParser Parsing word
22:01:34.161 [main] DEBUG SentenceElementsParser Parsing word
22:01:34.161 [main] DEBUG SentenceElementsParser Parsing word
22:01:34.161 [main] DEBUG SentenceElementsParser Parsing word
22:01:34.161 [main] DEBUG SentenceElementsParser Parsing word
22:01:34.161 [main] DEBUG SentenceElementsParser Parsing word
22:01:34.161 [main] DEBUG SentenceElementsParser Parsing word
22:01:34.162 [main] DEBUG SentenceElementsParser Parsing word
22:01:34.162 [main] DEBUG SentenceElementsParser Parsing word
22:01:34.162 [main] DEBUG SentenceElementsParser Parsing word
22:01:34.162 [main] DEBUG SentenceElementsParser Parsing word
22:01:34.162 [main] DEBUG SentenceElementsParser Parsing word
22:01:34.162 [main] DEBUG SentenceElementsParser Parsing word
22:01:34.162 [main] DEBUG SentenceElementsParser Parsing word
22:01:34.162 [main] DEBUG SentenceElementsParser Parsing word
22:01:34.162 [main] DEBUG SentenceElementsParser Parsing word
22:01:34.163 [main] DEBUG SentenceElementsParser Parsing punctuation marks
22:01:34.163 [main] DEBUG SentenceElementsParser End text parsing
22:01:34.163 [main] DEBUG SentenceAndCodeBlockParser End sentence parsing
22:01:34.164 [main] DEBUG SentenceAndCodeBlockParser Start sentence parsing
22:01:34.164 [main] DEBUG SentenceElementsParser Start sentence parsing
22:01:34.164 [main] DEBUG SentenceElementsParser Parsing word
22:01:34.165 [main] DEBUG SentenceElementsParser Parsing word
22:01:34.165 [main] DEBUG SentenceElementsParser Parsing word
22:01:34.165 [main] DEBUG SentenceElementsParser Parsing word
22:01:34.165 [main] DEBUG SentenceElementsParser Parsing word
22:01:34.165 [main] DEBUG SentenceElementsParser Parsing word
22:01:34.165 [main] DEBUG SentenceElementsParser Parsing word
22:01:34.165 [main] DEBUG SentenceElementsParser Parsing punctuation marks
22:01:34.165 [main] DEBUG SentenceElementsParser Parsing word
22:01:34.166 [main] DEBUG SentenceElementsParser Parsing word
22:01:34.166 [main] DEBUG SentenceElementsParser Parsing word
22:01:34.166 [main] DEBUG SentenceElementsParser Parsing word
22:01:34.166 [main] DEBUG SentenceElementsParser Parsing word
22:01:34.166 [main] DEBUG SentenceElementsParser Parsing word
22:01:34.166 [main] DEBUG SentenceElementsParser Parsing punctuation marks
22:01:34.166 [main] DEBUG SentenceElementsParser End text parsing
22:01:34.167 [main] DEBUG SentenceAndCodeBlockParser End sentence parsing
22:01:34.167 [main] DEBUG SentenceAndCodeBlockParser Start sentence parsing
22:01:34.168 [main] DEBUG SentenceElementsParser Start sentence parsing
22:01:34.168 [main] DEBUG SentenceElementsParser Parsing word
22:01:34.168 [main] DEBUG SentenceElementsParser Parsing word
22:01:34.168 [main] DEBUG SentenceElementsParser Parsing word
22:01:34.169 [main] DEBUG SentenceElementsParser Parsing word
22:01:34.169 [main] DEBUG SentenceElementsParser Parsing punctuation marks
22:01:34.169 [main] DEBUG SentenceElementsParser Parsing word
22:01:34.169 [main] DEBUG SentenceElementsParser Parsing word
22:01:34.169 [main] DEBUG SentenceElementsParser Parsing word
22:01:34.169 [main] DEBUG SentenceElementsParser Parsing punctuation marks
22:01:34.169 [main] DEBUG SentenceElementsParser Parsing word
22:01:34.170 [main] DEBUG SentenceElementsParser Parsing word
22:01:34.170 [main] DEBUG SentenceElementsParser Parsing punctuation marks
22:01:34.170 [main] DEBUG SentenceElementsParser Parsing word
22:01:34.170 [main] DEBUG SentenceElementsParser Parsing punctuation marks
22:01:34.170 [main] DEBUG SentenceElementsParser Parsing word
22:01:34.170 [main] DEBUG SentenceElementsParser Parsing word
22:01:34.170 [main] DEBUG SentenceElementsParser Parsing punctuation marks
22:01:34.171 [main] DEBUG SentenceElementsParser Parsing word
22:01:34.171 [main] DEBUG SentenceElementsParser Parsing punctuation marks
22:01:34.171 [main] DEBUG SentenceElementsParser Parsing word
22:01:34.171 [main] DEBUG SentenceElementsParser Parsing word
22:01:34.171 [main] DEBUG SentenceElementsParser Parsing punctuation marks
22:01:34.171 [main] DEBUG SentenceElementsParser Parsing word
22:01:34.171 [main] DEBUG SentenceElementsParser Parsing word
22:01:34.171 [main] DEBUG SentenceElementsParser Parsing punctuation marks
22:01:34.171 [main] DEBUG SentenceElementsParser Parsing word
22:01:34.171 [main] DEBUG SentenceElementsParser Parsing word
22:01:34.171 [main] DEBUG SentenceElementsParser Parsing word
22:01:34.172 [main] DEBUG SentenceElementsParser Parsing word
22:01:34.172 [main] DEBUG SentenceElementsParser Parsing word
22:01:34.172 [main] DEBUG SentenceElementsParser Parsing word
22:01:34.172 [main] DEBUG SentenceElementsParser Parsing word
22:01:34.172 [main] DEBUG SentenceElementsParser Parsing punctuation marks
22:01:34.172 [main] DEBUG SentenceElementsParser Parsing word
22:01:34.172 [main] DEBUG SentenceElementsParser Parsing word
22:01:34.172 [main] DEBUG SentenceElementsParser Parsing word
22:01:34.172 [main] DEBUG SentenceElementsParser Parsing word
22:01:34.172 [main] DEBUG SentenceElementsParser Parsing word
22:01:34.172 [main] DEBUG SentenceElementsParser Parsing word
22:01:34.173 [main] DEBUG SentenceElementsParser Parsing word
22:01:34.173 [main] DEBUG SentenceElementsParser Parsing word
22:01:34.173 [main] DEBUG SentenceElementsParser Parsing word
22:01:34.173 [main] DEBUG SentenceElementsParser Parsing word
22:01:34.173 [main] DEBUG SentenceElementsParser Parsing word
22:01:34.173 [main] DEBUG SentenceElementsParser Parsing word
22:01:34.173 [main] DEBUG SentenceElementsParser Parsing word
22:01:34.174 [main] DEBUG SentenceElementsParser Parsing word
22:01:34.174 [main] DEBUG SentenceElementsParser Parsing word
22:01:34.174 [main] DEBUG SentenceElementsParser Parsing punctuation marks
22:01:34.174 [main] DEBUG SentenceElementsParser Parsing word
22:01:34.174 [main] DEBUG SentenceElementsParser Parsing punctuation marks
22:01:34.174 [main] DEBUG SentenceElementsParser Parsing word
22:01:34.174 [main] DEBUG SentenceElementsParser Parsing word
22:01:34.174 [main] DEBUG SentenceElementsParser Parsing word
22:01:34.175 [main] DEBUG SentenceElementsParser Parsing word
22:01:34.175 [main] DEBUG SentenceElementsParser Parsing word
22:01:34.175 [main] DEBUG SentenceElementsParser Parsing word
22:01:34.175 [main] DEBUG SentenceElementsParser Parsing word
22:01:34.175 [main] DEBUG SentenceElementsParser Parsing word
22:01:34.175 [main] DEBUG SentenceElementsParser Parsing word
22:01:34.175 [main] DEBUG SentenceElementsParser Parsing punctuation marks
22:01:34.175 [main] DEBUG SentenceElementsParser Parsing word
22:01:34.176 [main] DEBUG SentenceElementsParser Parsing word
22:01:34.176 [main] DEBUG SentenceElementsParser Parsing punctuation marks
22:01:34.176 [main] DEBUG SentenceElementsParser End text parsing
22:01:34.176 [main] DEBUG SentenceAndCodeBlockParser End sentence parsing
22:01:34.176 [main] DEBUG SentenceAndCodeBlockParser Start sentence parsing
22:01:34.176 [main] DEBUG SentenceElementsParser Start sentence parsing
22:01:34.177 [main] DEBUG SentenceElementsParser Parsing word
22:01:34.177 [main] DEBUG SentenceElementsParser Parsing word
22:01:34.177 [main] DEBUG SentenceElementsParser Parsing word
22:01:34.177 [main] DEBUG SentenceElementsParser Parsing word
22:01:34.177 [main] DEBUG SentenceElementsParser Parsing word
22:01:34.177 [main] DEBUG SentenceElementsParser Parsing word
22:01:34.177 [main] DEBUG SentenceElementsParser Parsing word
22:01:34.177 [main] DEBUG SentenceElementsParser Parsing word
22:01:34.177 [main] DEBUG SentenceElementsParser Parsing punctuation marks
22:01:34.178 [main] DEBUG SentenceElementsParser End text parsing
22:01:34.178 [main] DEBUG SentenceAndCodeBlockParser End sentence parsing
22:01:34.179 [main] DEBUG SentenceAndCodeBlockParser Parsing code block
22:01:34.179 [main] DEBUG SentenceAndCodeBlockParser Start sentence parsing
22:01:34.180 [main] DEBUG SentenceElementsParser Start sentence parsing
22:01:34.180 [main] DEBUG SentenceElementsParser Parsing word
22:01:34.180 [main] DEBUG SentenceElementsParser Parsing word
22:01:34.180 [main] DEBUG SentenceElementsParser Parsing word
22:01:34.180 [main] DEBUG SentenceElementsParser Parsing word
22:01:34.180 [main] DEBUG SentenceElementsParser Parsing word
22:01:34.180 [main] DEBUG SentenceElementsParser Parsing word
22:01:34.181 [main] DEBUG SentenceElementsParser Parsing word
22:01:34.181 [main] DEBUG SentenceElementsParser Parsing word
22:01:34.181 [main] DEBUG SentenceElementsParser Parsing word
22:01:34.181 [main] DEBUG SentenceElementsParser Parsing word
22:01:34.181 [main] DEBUG SentenceElementsParser Parsing word
22:01:34.181 [main] DEBUG SentenceElementsParser Parsing word
22:01:34.181 [main] DEBUG SentenceElementsParser Parsing word
22:01:34.181 [main] DEBUG SentenceElementsParser Parsing word
22:01:34.182 [main] DEBUG SentenceElementsParser Parsing word
22:01:34.182 [main] DEBUG SentenceElementsParser Parsing punctuation marks
22:01:34.182 [main] DEBUG SentenceElementsParser Parsing word
22:01:34.182 [main] DEBUG SentenceElementsParser Parsing word
22:01:34.182 [main] DEBUG SentenceElementsParser Parsing word
22:01:34.182 [main] DEBUG SentenceElementsParser Parsing word
22:01:34.182 [main] DEBUG SentenceElementsParser Parsing word
22:01:34.182 [main] DEBUG SentenceElementsParser Parsing word
22:01:34.182 [main] DEBUG SentenceElementsParser Parsing word
22:01:34.183 [main] DEBUG SentenceElementsParser Parsing word
22:01:34.183 [main] DEBUG SentenceElementsParser Parsing word
22:01:34.183 [main] DEBUG SentenceElementsParser Parsing punctuation marks
22:01:34.183 [main] DEBUG SentenceElementsParser End text parsing
22:01:34.183 [main] DEBUG SentenceAndCodeBlockParser End sentence parsing
22:01:34.184 [main] DEBUG SentenceAndCodeBlockParser Parsing code block
22:01:34.184 [main] DEBUG SentenceAndCodeBlockParser End text parsing
