21:37:30.505 [main] DEBUG FileReader Read file text.txt
21:37:30.509 [main] DEBUG SentenceAndCodeBlockParser Start text parsing
21:37:30.511 [main] DEBUG SentenceAndCodeBlockParser Start sentence parsing
21:37:30.511 [main] DEBUG SentenceElementsParser Start sentence parsing
21:37:30.512 [main] DEBUG SentenceElementsParser Parsing word
21:37:30.513 [main] DEBUG SentenceElementsParser Parsing word
21:37:30.513 [main] DEBUG SentenceElementsParser Parsing word
21:37:30.513 [main] DEBUG SentenceElementsParser Parsing punctuation marks
21:37:30.513 [main] DEBUG SentenceElementsParser Parsing word
21:37:30.514 [main] DEBUG SentenceElementsParser Parsing word
21:37:30.514 [main] DEBUG SentenceElementsParser Parsing word
21:37:30.514 [main] DEBUG SentenceElementsParser Parsing word
21:37:30.514 [main] DEBUG SentenceElementsParser Parsing word
21:37:30.514 [main] DEBUG SentenceElementsParser Parsing word
21:37:30.514 [main] DEBUG SentenceElementsParser Parsing word
21:37:30.514 [main] DEBUG SentenceElementsParser Parsing word
21:37:30.515 [main] DEBUG SentenceElementsParser Parsing word
21:37:30.515 [main] DEBUG SentenceElementsParser Parsing word
21:37:30.515 [main] DEBUG SentenceElementsParser Parsing word
21:37:30.515 [main] DEBUG SentenceElementsParser Parsing word
21:37:30.515 [main] DEBUG SentenceElementsParser Parsing word
21:37:30.516 [main] DEBUG SentenceElementsParser Parsing word
21:37:30.516 [main] DEBUG SentenceElementsParser Parsing word
21:37:30.516 [main] DEBUG SentenceElementsParser Parsing word
21:37:30.516 [main] DEBUG SentenceElementsParser Parsing punctuation marks
21:37:30.516 [main] DEBUG SentenceElementsParser End text parsing
21:37:30.517 [main] DEBUG SentenceAndCodeBlockParser End sentence parsing
21:37:30.517 [main] DEBUG SentenceAndCodeBlockParser Start sentence parsing
21:37:30.518 [main] DEBUG SentenceElementsParser Start sentence parsing
21:37:30.518 [main] DEBUG SentenceElementsParser Parsing word
21:37:30.518 [main] DEBUG SentenceElementsParser Parsing word
21:37:30.518 [main] DEBUG SentenceElementsParser Parsing word
21:37:30.518 [main] DEBUG SentenceElementsParser Parsing word
21:37:30.518 [main] DEBUG SentenceElementsParser Parsing word
21:37:30.518 [main] DEBUG SentenceElementsParser Parsing word
21:37:30.518 [main] DEBUG SentenceElementsParser Parsing word
21:37:30.518 [main] DEBUG SentenceElementsParser Parsing punctuation marks
21:37:30.519 [main] DEBUG SentenceElementsParser Parsing word
21:37:30.519 [main] DEBUG SentenceElementsParser Parsing word
21:37:30.519 [main] DEBUG SentenceElementsParser Parsing word
21:37:30.519 [main] DEBUG SentenceElementsParser Parsing word
21:37:30.519 [main] DEBUG SentenceElementsParser Parsing word
21:37:30.519 [main] DEBUG SentenceElementsParser Parsing word
21:37:30.519 [main] DEBUG SentenceElementsParser Parsing punctuation marks
21:37:30.519 [main] DEBUG SentenceElementsParser End text parsing
21:37:30.519 [main] DEBUG SentenceAndCodeBlockParser End sentence parsing
21:37:30.520 [main] DEBUG SentenceAndCodeBlockParser Start sentence parsing
21:37:30.520 [main] DEBUG SentenceElementsParser Start sentence parsing
21:37:30.521 [main] DEBUG SentenceElementsParser Parsing word
21:37:30.521 [main] DEBUG SentenceElementsParser Parsing word
21:37:30.521 [main] DEBUG SentenceElementsParser Parsing word
21:37:30.521 [main] DEBUG SentenceElementsParser Parsing word
21:37:30.521 [main] DEBUG SentenceElementsParser Parsing punctuation marks
21:37:30.521 [main] DEBUG SentenceElementsParser Parsing word
21:37:30.522 [main] DEBUG SentenceElementsParser Parsing word
21:37:30.522 [main] DEBUG SentenceElementsParser Parsing word
21:37:30.522 [main] DEBUG SentenceElementsParser Parsing punctuation marks
21:37:30.522 [main] DEBUG SentenceElementsParser Parsing word
21:37:30.522 [main] DEBUG SentenceElementsParser Parsing word
21:37:30.522 [main] DEBUG SentenceElementsParser Parsing punctuation marks
21:37:30.522 [main] DEBUG SentenceElementsParser Parsing word
21:37:30.523 [main] DEBUG SentenceElementsParser Parsing punctuation marks
21:37:30.523 [main] DEBUG SentenceElementsParser Parsing word
21:37:30.523 [main] DEBUG SentenceElementsParser Parsing word
21:37:30.523 [main] DEBUG SentenceElementsParser Parsing punctuation marks
21:37:30.523 [main] DEBUG SentenceElementsParser Parsing word
21:37:30.523 [main] DEBUG SentenceElementsParser Parsing punctuation marks
21:37:30.524 [main] DEBUG SentenceElementsParser Parsing word
21:37:30.524 [main] DEBUG SentenceElementsParser Parsing word
21:37:30.524 [main] DEBUG SentenceElementsParser Parsing punctuation marks
21:37:30.524 [main] DEBUG SentenceElementsParser Parsing word
21:37:30.524 [main] DEBUG SentenceElementsParser Parsing word
21:37:30.524 [main] DEBUG SentenceElementsParser Parsing punctuation marks
21:37:30.524 [main] DEBUG SentenceElementsParser Parsing word
21:37:30.525 [main] DEBUG SentenceElementsParser Parsing word
21:37:30.525 [main] DEBUG SentenceElementsParser Parsing word
21:37:30.525 [main] DEBUG SentenceElementsParser Parsing word
21:37:30.525 [main] DEBUG SentenceElementsParser Parsing word
21:37:30.525 [main] DEBUG SentenceElementsParser Parsing word
21:37:30.525 [main] DEBUG SentenceElementsParser Parsing word
21:37:30.525 [main] DEBUG SentenceElementsParser Parsing punctuation marks
21:37:30.526 [main] DEBUG SentenceElementsParser Parsing word
21:37:30.526 [main] DEBUG SentenceElementsParser Parsing word
21:37:30.526 [main] DEBUG SentenceElementsParser Parsing word
21:37:30.526 [main] DEBUG SentenceElementsParser Parsing word
21:37:30.526 [main] DEBUG SentenceElementsParser Parsing word
21:37:30.526 [main] DEBUG SentenceElementsParser Parsing word
21:37:30.526 [main] DEBUG SentenceElementsParser Parsing word
21:37:30.526 [main] DEBUG SentenceElementsParser Parsing word
21:37:30.526 [main] DEBUG SentenceElementsParser Parsing word
21:37:30.526 [main] DEBUG SentenceElementsParser Parsing word
21:37:30.526 [main] DEBUG SentenceElementsParser Parsing word
21:37:30.526 [main] DEBUG SentenceElementsParser Parsing word
21:37:30.526 [main] DEBUG SentenceElementsParser Parsing word
21:37:30.526 [main] DEBUG SentenceElementsParser Parsing word
21:37:30.526 [main] DEBUG SentenceElementsParser Parsing word
21:37:30.527 [main] DEBUG SentenceElementsParser Parsing punctuation marks
21:37:30.527 [main] DEBUG SentenceElementsParser Parsing word
21:37:30.527 [main] DEBUG SentenceElementsParser Parsing punctuation marks
21:37:30.527 [main] DEBUG SentenceElementsParser Parsing word
21:37:30.527 [main] DEBUG SentenceElementsParser Parsing word
21:37:30.527 [main] DEBUG SentenceElementsParser Parsing word
21:37:30.527 [main] DEBUG SentenceElementsParser Parsing word
21:37:30.527 [main] DEBUG SentenceElementsParser Parsing word
21:37:30.527 [main] DEBUG SentenceElementsParser Parsing word
21:37:30.528 [main] DEBUG SentenceElementsParser Parsing word
21:37:30.528 [main] DEBUG SentenceElementsParser Parsing word
21:37:30.528 [main] DEBUG SentenceElementsParser Parsing word
21:37:30.528 [main] DEBUG SentenceElementsParser Parsing punctuation marks
21:37:30.528 [main] DEBUG SentenceElementsParser Parsing word
21:37:30.528 [main] DEBUG SentenceElementsParser Parsing word
21:37:30.528 [main] DEBUG SentenceElementsParser Parsing punctuation marks
21:37:30.529 [main] DEBUG SentenceElementsParser End text parsing
21:37:30.529 [main] DEBUG SentenceAndCodeBlockParser End sentence parsing
21:37:30.529 [main] DEBUG SentenceAndCodeBlockParser Start sentence parsing
21:37:30.529 [main] DEBUG SentenceElementsParser Start sentence parsing
21:37:30.529 [main] DEBUG SentenceElementsParser Parsing word
21:37:30.529 [main] DEBUG SentenceElementsParser Parsing word
21:37:30.529 [main] DEBUG SentenceElementsParser Parsing word
21:37:30.529 [main] DEBUG SentenceElementsParser Parsing word
21:37:30.529 [main] DEBUG SentenceElementsParser Parsing word
21:37:30.530 [main] DEBUG SentenceElementsParser Parsing word
21:37:30.530 [main] DEBUG SentenceElementsParser Parsing word
21:37:30.530 [main] DEBUG SentenceElementsParser Parsing word
21:37:30.530 [main] DEBUG SentenceElementsParser Parsing punctuation marks
21:37:30.530 [main] DEBUG SentenceElementsParser End text parsing
21:37:30.530 [main] DEBUG SentenceAndCodeBlockParser End sentence parsing
21:37:30.531 [main] DEBUG SentenceAndCodeBlockParser Parsing code block
21:37:30.533 [main] DEBUG SentenceAndCodeBlockParser Start sentence parsing
21:37:30.533 [main] DEBUG SentenceElementsParser Start sentence parsing
21:37:30.534 [main] DEBUG SentenceElementsParser Parsing word
21:37:30.534 [main] DEBUG SentenceElementsParser Parsing word
21:37:30.534 [main] DEBUG SentenceElementsParser Parsing word
21:37:30.534 [main] DEBUG SentenceElementsParser Parsing word
21:37:30.534 [main] DEBUG SentenceElementsParser Parsing word
21:37:30.534 [main] DEBUG SentenceElementsParser Parsing word
21:37:30.534 [main] DEBUG SentenceElementsParser Parsing word
21:37:30.534 [main] DEBUG SentenceElementsParser Parsing word
21:37:30.534 [main] DEBUG SentenceElementsParser Parsing word
21:37:30.534 [main] DEBUG SentenceElementsParser Parsing word
21:37:30.534 [main] DEBUG SentenceElementsParser Parsing word
21:37:30.534 [main] DEBUG SentenceElementsParser Parsing word
21:37:30.534 [main] DEBUG SentenceElementsParser Parsing word
21:37:30.534 [main] DEBUG SentenceElementsParser Parsing word
21:37:30.534 [main] DEBUG SentenceElementsParser Parsing word
21:37:30.534 [main] DEBUG SentenceElementsParser Parsing punctuation marks
21:37:30.534 [main] DEBUG SentenceElementsParser Parsing word
21:37:30.534 [main] DEBUG SentenceElementsParser Parsing word
21:37:30.535 [main] DEBUG SentenceElementsParser Parsing word
21:37:30.535 [main] DEBUG SentenceElementsParser Parsing word
21:37:30.535 [main] DEBUG SentenceElementsParser Parsing word
21:37:30.535 [main] DEBUG SentenceElementsParser Parsing word
21:37:30.535 [main] DEBUG SentenceElementsParser Parsing word
21:37:30.535 [main] DEBUG SentenceElementsParser Parsing word
21:37:30.535 [main] DEBUG SentenceElementsParser Parsing word
21:37:30.535 [main] DEBUG SentenceElementsParser Parsing punctuation marks
21:37:30.535 [main] DEBUG SentenceElementsParser End text parsing
21:37:30.536 [main] DEBUG SentenceAndCodeBlockParser End sentence parsing
21:37:30.536 [main] DEBUG SentenceAndCodeBlockParser Parsing code block
21:37:30.536 [main] DEBUG SentenceAndCodeBlockParser End text parsing
