23:44:44.563 [main] DEBUG FileReader Read file text.txt
23:44:44.566 [main] DEBUG SentenceElementsParser Start sentence parsing
23:44:44.567 [main] DEBUG SentenceElementsParser Parsing word
23:44:44.568 [main] DEBUG SentenceElementsParser Parsing word
23:44:44.568 [main] DEBUG SentenceElementsParser Parsing word
23:44:44.568 [main] DEBUG SentenceElementsParser Parsing punctuation marks
23:44:44.568 [main] DEBUG SentenceElementsParser Parsing word
23:44:44.569 [main] DEBUG SentenceElementsParser Parsing word
23:44:44.569 [main] DEBUG SentenceElementsParser Parsing word
23:44:44.569 [main] DEBUG SentenceElementsParser Parsing word
23:44:44.569 [main] DEBUG SentenceElementsParser Parsing word
23:44:44.569 [main] DEBUG SentenceElementsParser Parsing word
23:44:44.569 [main] DEBUG SentenceElementsParser Parsing word
23:44:44.570 [main] DEBUG SentenceElementsParser Parsing word
23:44:44.570 [main] DEBUG SentenceElementsParser Parsing word
23:44:44.570 [main] DEBUG SentenceElementsParser Parsing word
23:44:44.570 [main] DEBUG SentenceElementsParser Parsing word
23:44:44.570 [main] DEBUG SentenceElementsParser Parsing word
23:44:44.570 [main] DEBUG SentenceElementsParser Parsing word
23:44:44.570 [main] DEBUG SentenceElementsParser Parsing word
23:44:44.570 [main] DEBUG SentenceElementsParser Parsing word
23:44:44.570 [main] DEBUG SentenceElementsParser Parsing word
23:44:44.571 [main] DEBUG SentenceElementsParser Parsing punctuation marks
23:44:44.571 [main] DEBUG SentenceElementsParser Parsing word
23:44:44.571 [main] DEBUG SentenceElementsParser Parsing word
23:44:44.571 [main] DEBUG SentenceElementsParser Parsing word
23:44:44.571 [main] DEBUG SentenceElementsParser Parsing word
23:44:44.571 [main] DEBUG SentenceElementsParser Parsing word
23:44:44.571 [main] DEBUG SentenceElementsParser Parsing word
23:44:44.571 [main] DEBUG SentenceElementsParser Parsing word
23:44:44.572 [main] DEBUG SentenceElementsParser Parsing punctuation marks
23:44:44.572 [main] DEBUG SentenceElementsParser Parsing word
23:44:44.572 [main] DEBUG SentenceElementsParser Parsing word
23:44:44.572 [main] DEBUG SentenceElementsParser Parsing word
23:44:44.572 [main] DEBUG SentenceElementsParser Parsing word
23:44:44.572 [main] DEBUG SentenceElementsParser Parsing word
23:44:44.572 [main] DEBUG SentenceElementsParser Parsing word
23:44:44.572 [main] DEBUG SentenceElementsParser Parsing punctuation marks
23:44:44.572 [main] DEBUG SentenceElementsParser Parsing word
23:44:44.572 [main] DEBUG SentenceElementsParser Parsing word
23:44:44.572 [main] DEBUG SentenceElementsParser Parsing word
23:44:44.572 [main] DEBUG SentenceElementsParser Parsing word
23:44:44.573 [main] DEBUG SentenceElementsParser Parsing punctuation marks
23:44:44.573 [main] DEBUG SentenceElementsParser Parsing word
23:44:44.573 [main] DEBUG SentenceElementsParser Parsing word
23:44:44.573 [main] DEBUG SentenceElementsParser Parsing word
23:44:44.573 [main] DEBUG SentenceElementsParser Parsing punctuation marks
23:44:44.573 [main] DEBUG SentenceElementsParser Parsing word
23:44:44.573 [main] DEBUG SentenceElementsParser Parsing word
23:44:44.573 [main] DEBUG SentenceElementsParser Parsing punctuation marks
23:44:44.573 [main] DEBUG SentenceElementsParser Parsing word
23:44:44.573 [main] DEBUG SentenceElementsParser Parsing punctuation marks
23:44:44.574 [main] DEBUG SentenceElementsParser Parsing word
23:44:44.574 [main] DEBUG SentenceElementsParser Parsing word
23:44:44.574 [main] DEBUG SentenceElementsParser Parsing punctuation marks
23:44:44.574 [main] DEBUG SentenceElementsParser Parsing word
23:44:44.574 [main] DEBUG SentenceElementsParser Parsing punctuation marks
23:44:44.574 [main] DEBUG SentenceElementsParser Parsing word
23:44:44.574 [main] DEBUG SentenceElementsParser Parsing word
23:44:44.574 [main] DEBUG SentenceElementsParser Parsing punctuation marks
23:44:44.574 [main] DEBUG SentenceElementsParser Parsing word
23:44:44.575 [main] DEBUG SentenceElementsParser Parsing word
23:44:44.575 [main] DEBUG SentenceElementsParser Parsing punctuation marks
23:44:44.575 [main] DEBUG SentenceElementsParser Parsing word
23:44:44.575 [main] DEBUG SentenceElementsParser Parsing word
23:44:44.575 [main] DEBUG SentenceElementsParser Parsing word
23:44:44.575 [main] DEBUG SentenceElementsParser Parsing word
23:44:44.575 [main] DEBUG SentenceElementsParser Parsing word
23:44:44.576 [main] DEBUG SentenceElementsParser Parsing word
23:44:44.576 [main] DEBUG SentenceElementsParser Parsing word
23:44:44.576 [main] DEBUG SentenceElementsParser Parsing punctuation marks
23:44:44.576 [main] DEBUG SentenceElementsParser Parsing word
23:44:44.576 [main] DEBUG SentenceElementsParser Parsing word
23:44:44.576 [main] DEBUG SentenceElementsParser Parsing word
23:44:44.576 [main] DEBUG SentenceElementsParser Parsing word
23:44:44.576 [main] DEBUG SentenceElementsParser Parsing word
23:44:44.576 [main] DEBUG SentenceElementsParser Parsing word
23:44:44.577 [main] DEBUG SentenceElementsParser Parsing word
23:44:44.577 [main] DEBUG SentenceElementsParser Parsing word
23:44:44.577 [main] DEBUG SentenceElementsParser Parsing word
23:44:44.577 [main] DEBUG SentenceElementsParser Parsing word
23:44:44.577 [main] DEBUG SentenceElementsParser Parsing word
23:44:44.577 [main] DEBUG SentenceElementsParser Parsing word
23:44:44.577 [main] DEBUG SentenceElementsParser Parsing word
23:44:44.577 [main] DEBUG SentenceElementsParser Parsing word
23:44:44.577 [main] DEBUG SentenceElementsParser Parsing word
23:44:44.577 [main] DEBUG SentenceElementsParser Parsing punctuation marks
23:44:44.578 [main] DEBUG SentenceElementsParser Parsing word
23:44:44.578 [main] DEBUG SentenceElementsParser Parsing punctuation marks
23:44:44.578 [main] DEBUG SentenceElementsParser Parsing word
23:44:44.578 [main] DEBUG SentenceElementsParser Parsing word
23:44:44.578 [main] DEBUG SentenceElementsParser Parsing word
23:44:44.578 [main] DEBUG SentenceElementsParser Parsing word
23:44:44.578 [main] DEBUG SentenceElementsParser Parsing word
23:44:44.578 [main] DEBUG SentenceElementsParser Parsing word
23:44:44.578 [main] DEBUG SentenceElementsParser Parsing word
23:44:44.578 [main] DEBUG SentenceElementsParser Parsing word
23:44:44.578 [main] DEBUG SentenceElementsParser Parsing word
23:44:44.579 [main] DEBUG SentenceElementsParser Parsing punctuation marks
23:44:44.579 [main] DEBUG SentenceElementsParser Parsing word
23:44:44.579 [main] DEBUG SentenceElementsParser Parsing word
23:44:44.579 [main] DEBUG SentenceElementsParser Parsing punctuation marks
23:44:44.579 [main] DEBUG SentenceElementsParser Parsing word
23:44:44.579 [main] DEBUG SentenceElementsParser Parsing word
23:44:44.579 [main] DEBUG SentenceElementsParser Parsing word
23:44:44.579 [main] DEBUG SentenceElementsParser Parsing word
23:44:44.579 [main] DEBUG SentenceElementsParser Parsing word
23:44:44.579 [main] DEBUG SentenceElementsParser Parsing word
23:44:44.579 [main] DEBUG SentenceElementsParser Parsing word
23:44:44.580 [main] DEBUG SentenceElementsParser Parsing word
23:44:44.580 [main] DEBUG SentenceElementsParser Parsing punctuation marks
23:44:44.580 [main] DEBUG SentenceElementsParser Parsing word
23:44:44.580 [main] DEBUG SentenceElementsParser Parsing word
23:44:44.580 [main] DEBUG SentenceElementsParser Parsing word
23:44:44.580 [main] DEBUG SentenceElementsParser Parsing word
23:44:44.580 [main] DEBUG SentenceElementsParser Parsing word
23:44:44.580 [main] DEBUG SentenceElementsParser Parsing word
23:44:44.580 [main] DEBUG SentenceElementsParser Parsing word
23:44:44.580 [main] DEBUG SentenceElementsParser Parsing word
23:44:44.580 [main] DEBUG SentenceElementsParser Parsing word
23:44:44.580 [main] DEBUG SentenceElementsParser Parsing word
23:44:44.580 [main] DEBUG SentenceElementsParser Parsing punctuation marks
23:44:44.581 [main] DEBUG SentenceElementsParser Parsing word
23:44:44.581 [main] DEBUG SentenceElementsParser Parsing word
23:44:44.581 [main] DEBUG SentenceElementsParser Parsing word
23:44:44.581 [main] DEBUG SentenceElementsParser Parsing punctuation marks
23:44:44.581 [main] DEBUG SentenceElementsParser Parsing word
23:44:44.581 [main] DEBUG SentenceElementsParser Parsing word
23:44:44.581 [main] DEBUG SentenceElementsParser Parsing word
23:44:44.581 [main] DEBUG SentenceElementsParser Parsing word
23:44:44.581 [main] DEBUG SentenceElementsParser Parsing word
23:44:44.582 [main] DEBUG SentenceElementsParser Parsing punctuation marks
23:44:44.582 [main] DEBUG SentenceElementsParser Parsing word
23:44:44.582 [main] DEBUG SentenceElementsParser Parsing word
23:44:44.582 [main] DEBUG SentenceElementsParser Parsing word
23:44:44.582 [main] DEBUG SentenceElementsParser Parsing punctuation marks
23:44:44.582 [main] DEBUG SentenceElementsParser Parsing word
23:44:44.582 [main] DEBUG SentenceElementsParser Parsing punctuation marks
23:44:44.582 [main] DEBUG SentenceElementsParser Parsing word
23:44:44.582 [main] DEBUG SentenceElementsParser Parsing word
23:44:44.582 [main] DEBUG SentenceElementsParser Parsing word
23:44:44.582 [main] DEBUG SentenceElementsParser Parsing word
23:44:44.582 [main] DEBUG SentenceElementsParser Parsing word
23:44:44.582 [main] DEBUG SentenceElementsParser Parsing punctuation marks
23:44:44.582 [main] DEBUG SentenceElementsParser Parsing word
23:44:44.582 [main] DEBUG SentenceElementsParser Parsing punctuation marks
23:44:44.582 [main] DEBUG SentenceElementsParser Parsing word
23:44:44.583 [main] DEBUG SentenceElementsParser Parsing punctuation marks
23:44:44.583 [main] DEBUG SentenceElementsParser Parsing word
23:44:44.583 [main] DEBUG SentenceElementsParser Parsing word
23:44:44.583 [main] DEBUG SentenceElementsParser Parsing word
23:44:44.583 [main] DEBUG SentenceElementsParser Parsing punctuation marks
23:44:44.583 [main] DEBUG SentenceElementsParser Parsing word
23:44:44.583 [main] DEBUG SentenceElementsParser Parsing word
23:44:44.583 [main] DEBUG SentenceElementsParser Parsing word
23:44:44.583 [main] DEBUG SentenceElementsParser Parsing word
23:44:44.583 [main] DEBUG SentenceElementsParser Parsing word
23:44:44.583 [main] DEBUG SentenceElementsParser Parsing word
23:44:44.583 [main] DEBUG SentenceElementsParser Parsing word
23:44:44.583 [main] DEBUG SentenceElementsParser Parsing word
23:44:44.583 [main] DEBUG SentenceElementsParser Parsing word
23:44:44.583 [main] DEBUG SentenceElementsParser Parsing word
23:44:44.583 [main] DEBUG SentenceElementsParser Parsing word
23:44:44.583 [main] DEBUG SentenceElementsParser Parsing word
23:44:44.584 [main] DEBUG SentenceElementsParser Parsing word
23:44:44.584 [main] DEBUG SentenceElementsParser Parsing word
23:44:44.584 [main] DEBUG SentenceElementsParser Parsing word
23:44:44.584 [main] DEBUG SentenceElementsParser Parsing word
23:44:44.584 [main] DEBUG SentenceElementsParser Parsing word
23:44:44.584 [main] DEBUG SentenceElementsParser Parsing punctuation marks
23:44:44.584 [main] DEBUG SentenceElementsParser Parsing word
23:44:44.584 [main] DEBUG SentenceElementsParser Parsing word
23:44:44.584 [main] DEBUG SentenceElementsParser Parsing word
23:44:44.584 [main] DEBUG SentenceElementsParser Parsing word
23:44:44.584 [main] DEBUG SentenceElementsParser Parsing word
23:44:44.584 [main] DEBUG SentenceElementsParser Parsing word
23:44:44.584 [main] DEBUG SentenceElementsParser Parsing word
23:44:44.584 [main] DEBUG SentenceElementsParser Parsing word
23:44:44.584 [main] DEBUG SentenceElementsParser Parsing word
23:44:44.584 [main] DEBUG SentenceElementsParser Parsing punctuation marks
23:44:44.585 [main] DEBUG SentenceElementsParser Parsing word
23:44:44.585 [main] DEBUG SentenceElementsParser Parsing word
23:44:44.585 [main] DEBUG SentenceElementsParser Parsing word
23:44:44.585 [main] DEBUG SentenceElementsParser Parsing word
23:44:44.585 [main] DEBUG SentenceElementsParser Parsing word
23:44:44.585 [main] DEBUG SentenceElementsParser Parsing word
23:44:44.585 [main] DEBUG SentenceElementsParser Parsing word
23:44:44.585 [main] DEBUG SentenceElementsParser Parsing word
23:44:44.585 [main] DEBUG SentenceElementsParser Parsing word
23:44:44.585 [main] DEBUG SentenceElementsParser Parsing word
23:44:44.585 [main] DEBUG SentenceElementsParser Parsing word
23:44:44.585 [main] DEBUG SentenceElementsParser Parsing word
23:44:44.585 [main] DEBUG SentenceElementsParser Parsing word
23:44:44.585 [main] DEBUG SentenceElementsParser Parsing word
23:44:44.585 [main] DEBUG SentenceElementsParser Parsing word
23:44:44.586 [main] DEBUG SentenceElementsParser Parsing punctuation marks
23:44:44.586 [main] DEBUG SentenceElementsParser Parsing word
23:44:44.586 [main] DEBUG SentenceElementsParser Parsing word
23:44:44.586 [main] DEBUG SentenceElementsParser Parsing word
23:44:44.586 [main] DEBUG SentenceElementsParser Parsing punctuation marks
23:44:44.586 [main] DEBUG SentenceElementsParser Parsing word
23:44:44.586 [main] DEBUG SentenceElementsParser Parsing word
23:44:44.586 [main] DEBUG SentenceElementsParser Parsing word
23:44:44.586 [main] DEBUG SentenceElementsParser Parsing punctuation marks
23:44:44.586 [main] DEBUG SentenceElementsParser Parsing word
23:44:44.586 [main] DEBUG SentenceElementsParser Parsing word
23:44:44.586 [main] DEBUG SentenceElementsParser End text parsing
